- Verifying package.json 

[32mâœ”[39m Verified package.json
- Creating build context 

Browserslist: caniuse-lite is outdated. Please run:
  npx update-browserslist-db@latest
  Why you should do it regularly: https://github.com/browserslist/update-db#readme
[32mâœ”[39m Created build context
Building type files:
   entries:
    â€“ [32m@strapi/types [39m[36m./src/index.ts[39m [90m->[39m [36m./dist/index.d.ts[39m
[31m[ERROR] [39m [36msrc/modules/content-api.ts[39m:[36m2[39m:[36m33[39m - [90mTS2307:[39m Cannot find module '@strapi/utils' or its corresponding type declarations.
[31m[ERROR] [39m [36msrc/types/core/plugins/config/strapi-server/config.ts[39m:[36m1[39m:[36m21[39m - [90mTS2307:[39m Cannot find module '@strapi/utils' or its corresponding type declarations.
[31m[ERROR] [39m [36msrc/types/core/plugins/index.ts[39m:[36m1[39m:[36m21[39m - [90mTS2307:[39m Cannot find module '@strapi/utils' or its corresponding type declarations.
Building javascript files:
  format: cjs
   target:
[36m    - chrome115[39m
[36m    - edge115[39m
[36m    - firefox115[39m
[36m    - ios15[39m
[36m    - node18.0[39m
[36m    - safari15[39m
   entries:
    â€“ [32m@strapi/types: [39m[36m./src/index.ts[39m [90mâ†’[39m [36m./dist/index.js[39m
Building javascript files:
  format: es
   target:
[36m    - chrome115[39m
[36m    - edge115[39m
[36m    - firefox115[39m
[36m    - ios15[39m
[36m    - node18.0[39m
[36m    - safari15[39m
   entries:
    â€“ [32m@strapi/types: [39m[36m./src/index.ts[39m [90mâ†’[39m [36m./dist/index.mjs[39m
[32m[SUCCESS] [39m Built types, entries:
    [34m@strapi/types[39m: ./src/index.ts -> ./dist/index.d.ts
Generated an empty chunk: "index".
Generated an empty chunk: "index".
[32m[SUCCESS] [39m Built javascript (runtime: * â€“ target: es)
    [34m@strapi/types[39m: ./src/index.ts -> ./dist/index.mjs
[32m[SUCCESS] [39m Built javascript (runtime: * â€“ target: cjs)
    [34m@strapi/types[39m: ./src/index.ts -> ./dist/index.js
