- Verifying package.json 

[32mâœ”[39m Verified package.json
- Creating build context 

Browserslist: caniuse-lite is outdated. Please run:
  npx update-browserslist-db@latest
  Why you should do it regularly: https://github.com/browserslist/update-db#readme
[32mâœ”[39m Created build context
Building type files:
   entries:
    â€“ [32m@strapi/strapi/src/index.ts [39m[36m./src/index.ts[39m [90m->[39m [36m./dist/index.d.ts[39m
    â€“ [32m@strapi/strapi/src/admin.ts [39m[36m./src/admin.ts[39m [90m->[39m [36m./dist/index.d.ts[39m
[31m[ERROR] [39m [36msrc/commands/actions/plugin/init/action.ts[39m:[36m5[39m:[36m25[39m - [90mTS7016:[39m Could not find a declaration file for module 'git-url-parse'. '/home/ubuntu/strapi-task/node_modules/git-url-parse/lib/index.js' implicitly has an 'any' type.
  Try `npm i --save-dev @types/git-url-parse` if it exists or add a new declaration (.d.ts) file containing `declare module 'git-url-parse';`
[31m[ERROR] [39m [36msrc/middlewares/cors.ts[39m:[36m40[39m:[36m11[39m - [90mTS2322:[39m Type '(ctx: Context) => Promise<string | false>' is not assignable to type 'string | ((ctx: Context) => string) | ((ctx: Context) => PromiseLike<string>) | undefined'.
  Type '(ctx: Context) => Promise<string | false>' is not assignable to type '(ctx: Context) => string'.
    Type 'Promise<string | false>' is not assignable to type 'string'.
[31m[ERROR] [39m [36msrc/services/entity-service/index.ts[39m:[36m217[39m:[36m47[39m - [90mTS2345:[39m Argument of type '{ fields?: Any<ContentType> | undefined; } & { populate?: Any<ContentType> | undefined; }' is not assignable to parameter of type 'Params'.
  Types of property 'populate' are incompatible.
    Type 'Any<ContentType> | undefined' is not assignable to type 'PopulateParams | undefined'.
      Type '{ [x: string]: boolean | NestedParams<Schema> | undefined; }' is not assignable to type 'PopulateParams | undefined'.
        Type '{ [x: string]: boolean | NestedParams<Schema> | undefined; }' is missing the following properties from type 'string[]': length, pop, push, concat, and 35 more.
[31m[ERROR] [39m [36msrc/services/entity-service/index.ts[39m:[36m248[39m:[36m47[39m - [90mTS2345:[39m Argument of type '{ fields?: Any<ContentType> | undefined; } & { populate?: Any<ContentType> | undefined; }' is not assignable to parameter of type 'Params'.
[31m[ERROR] [39m [36msrc/services/entity-service/index.ts[39m:[36m307[39m:[36m47[39m - [90mTS2345:[39m Argument of type '{ fields?: Any<ContentType> | undefined; } & { populate?: Any<ContentType> | undefined; }' is not assignable to parameter of type 'Params'.
[31m[ERROR] [39m [36msrc/services/entity-service/index.ts[39m:[36m340[39m:[36m47[39m - [90mTS2345:[39m Argument of type '{ fields?: Any<ContentType> | undefined; } & { populate?: Any<ContentType> | undefined; }' is not assignable to parameter of type 'Params'.
[31m[ERROR] [39m [36msrc/services/entity-service/index.ts[39m:[36m400[39m:[36m47[39m - [90mTS2345:[39m Argument of type '{ fields?: Any<ContentType> | undefined; } & { populate?: Any<ContentType> | undefined; }' is not assignable to parameter of type 'Params'.
[31m[ERROR] [39m [36msrc/services/entity-validator/blocks-validator.ts[39m:[36m97[39m:[36m7[39m - [90mTS7022:[39m 'listChildrenValidator' implicitly has type 'any' because it does not have a type annotation and is referenced directly or indirectly in its own initializer.
[31m[ERROR] [39m [36msrc/services/entity-validator/blocks-validator.ts[39m:[36m110[39m:[36m7[39m - [90mTS7022:[39m 'listNodeValidator' implicitly has type 'any' because it does not have a type annotation and is referenced directly or indirectly in its own initializer.
[31m[ERROR] [39m [36msrc/commands/actions/plugin/init/action.ts[39m:[36m5[39m:[36m25[39m - [90mTS7016:[39m Could not find a declaration file for module 'git-url-parse'. '/home/ubuntu/strapi-task/node_modules/git-url-parse/lib/index.js' implicitly has an 'any' type.
  Try `npm i --save-dev @types/git-url-parse` if it exists or add a new declaration (.d.ts) file containing `declare module 'git-url-parse';`
[31m[ERROR] [39m [36msrc/middlewares/cors.ts[39m:[36m40[39m:[36m11[39m - [90mTS2322:[39m Type '(ctx: Context) => Promise<string | false>' is not assignable to type 'string | ((ctx: Context) => string) | ((ctx: Context) => PromiseLike<string>) | undefined'.
  Type '(ctx: Context) => Promise<string | false>' is not assignable to type '(ctx: Context) => string'.
    Type 'Promise<string | false>' is not assignable to type 'string'.
[31m[ERROR] [39m [36msrc/services/entity-service/index.ts[39m:[36m217[39m:[36m47[39m - [90mTS2345:[39m Argument of type '{ fields?: Any<ContentType> | undefined; } & { populate?: Any<ContentType> | undefined; }' is not assignable to parameter of type 'Params'.
  Types of property 'populate' are incompatible.
    Type 'Any<ContentType> | undefined' is not assignable to type 'PopulateParams | undefined'.
      Type '{ [x: string]: boolean | NestedParams<Schema> | undefined; }' is not assignable to type 'PopulateParams | undefined'.
        Type '{ [x: string]: boolean | NestedParams<Schema> | undefined; }' is missing the following properties from type 'string[]': length, pop, push, concat, and 35 more.
[31m[ERROR] [39m [36msrc/services/entity-service/index.ts[39m:[36m248[39m:[36m47[39m - [90mTS2345:[39m Argument of type '{ fields?: Any<ContentType> | undefined; } & { populate?: Any<ContentType> | undefined; }' is not assignable to parameter of type 'Params'.
[31m[ERROR] [39m [36msrc/services/entity-service/index.ts[39m:[36m307[39m:[36m47[39m - [90mTS2345:[39m Argument of type '{ fields?: Any<ContentType> | undefined; } & { populate?: Any<ContentType> | undefined; }' is not assignable to parameter of type 'Params'.
[31m[ERROR] [39m [36msrc/services/entity-service/index.ts[39m:[36m340[39m:[36m47[39m - [90mTS2345:[39m Argument of type '{ fields?: Any<ContentType> | undefined; } & { populate?: Any<ContentType> | undefined; }' is not assignable to parameter of type 'Params'.
[31m[ERROR] [39m [36msrc/services/entity-service/index.ts[39m:[36m400[39m:[36m47[39m - [90mTS2345:[39m Argument of type '{ fields?: Any<ContentType> | undefined; } & { populate?: Any<ContentType> | undefined; }' is not assignable to parameter of type 'Params'.
[31m[ERROR] [39m [36msrc/services/entity-validator/blocks-validator.ts[39m:[36m97[39m:[36m7[39m - [90mTS7022:[39m 'listChildrenValidator' implicitly has type 'any' because it does not have a type annotation and is referenced directly or indirectly in its own initializer.
[31m[ERROR] [39m [36msrc/services/entity-validator/blocks-validator.ts[39m:[36m110[39m:[36m7[39m - [90mTS7022:[39m 'listNodeValidator' implicitly has type 'any' because it does not have a type annotation and is referenced directly or indirectly in its own initializer.
Building javascript files:
  format: cjs
   target:
[36m    - node18.0[39m
   entries:
    â€“ [32m@strapi/strapi/bundle_cjs_0: [39m[36m./src/index.ts[39m [90mâ†’[39m [36m./dist/index.js[39m
Building javascript files:
  format: es
   target:
[36m    - node18.0[39m
   entries:
    â€“ [32m@strapi/strapi/bundle_esm_0: [39m[36m./src/index.ts[39m [90mâ†’[39m [36m./dist/index.js[39m
Building javascript files:
  format: cjs
   target:
[36m    - node18.0[39m
   entries:
    â€“ [32m@strapi/strapi/bundle_cjs_1: [39m[36m./src/cli.ts[39m [90mâ†’[39m [36m./dist/cli.js[39m
Building javascript files:
  format: cjs
   target:
[36m    - esnext[39m
   entries:
    â€“ [32m@strapi/strapi/bundle_cjs_2: [39m[36m./src/admin.ts[39m [90mâ†’[39m [36m./dist/admin.js[39m
Building javascript files:
  format: es
   target:
[36m    - esnext[39m
   entries:
    â€“ [32m@strapi/strapi/bundle_esm_2: [39m[36m./src/admin.ts[39m [90mâ†’[39m [36m./dist/admin.js[39m
[32m[SUCCESS] [39m Built types, entries:
    [34m@strapi/strapi/src/index.ts[39m: ./src/index.ts -> ./dist/index.d.ts
    [34m@strapi/strapi/src/admin.ts[39m: ./src/admin.ts -> ./dist/index.d.ts
[32m[SUCCESS] [39m Built javascript (runtime: web â€“ target: es)
    [34m@strapi/strapi/bundle_esm_2[39m: ./src/admin.ts -> ./dist/admin.js
[32m[SUCCESS] [39m Built javascript (runtime: web â€“ target: cjs)
    [34m@strapi/strapi/bundle_cjs_2[39m: ./src/admin.ts -> ./dist/admin.js
Entry module "src/index.ts" is using named and default exports together. Consumers of your bundle will have to use `chunk.default` to access the default export, which may not be what you want. Use `output.exports: "named"` to disable this warning.
[32m[SUCCESS] [39m Built javascript (runtime: node â€“ target: cjs)
    [34m@strapi/strapi/bundle_cjs_0[39m: ./src/index.ts -> ./dist/index.js
[32m[SUCCESS] [39m Built javascript (runtime: node â€“ target: es)
    [34m@strapi/strapi/bundle_esm_0[39m: ./src/index.ts -> ./dist/index.js
[32m[SUCCESS] [39m Built javascript (runtime: node â€“ target: cjs)
    [34m@strapi/strapi/bundle_cjs_1[39m: ./src/cli.ts -> ./dist/cli.js
